<?xml version="1.0" encoding="UTF-8"?>
<!-- Generated by org.testng.reporters.JUnitXMLReporter -->
<testsuite hostname="mACCC-PC" ignored="0" name="Test_firefox" tests="2" failures="0" timestamp="2021-11-08T19:39:31 IST" time="13.859" errors="0">
  <testcase name="@BeforeClass configBC" time="13.527" classname="com.vtiger.generic.BaseClass">
    <failure type="java.lang.NullPointerException">
      <![CDATA[java.lang.NullPointerException
at com.vtiger.generic.BaseClass.configBC(BaseClass.java:33)
at java.util.ArrayList.forEach(ArrayList.java:1257)
at java.util.concurrent.FutureTask.run(FutureTask.java:266)
at java.util.concurrent.ThreadPoolExecutor.runWorker(ThreadPoolExecutor.java:1149)
at java.util.concurrent.ThreadPoolExecutor$Worker.run(ThreadPoolExecutor.java:624)
at java.lang.Thread.run(Thread.java:748)
... Removed 16 stack frames]]>
    </failure>
  </testcase> <!-- @BeforeClass configBC -->
  <testcase name="@BeforeMethod configBM" time="-1.636380571276E9" classname="com.vtiger.generic.BaseClass">
    <skipped/>
  </testcase> <!-- @BeforeMethod configBM -->
  <testcase name="@AfterMethod configAM" time="-1.63638057129E9" classname="com.vtiger.generic.BaseClass">
    <skipped/>
  </testcase> <!-- @AfterMethod configAM -->
  <testcase name="@BeforeMethod configBM" time="-1.636380571299E9" classname="com.vtiger.generic.BaseClass">
    <skipped/>
  </testcase> <!-- @BeforeMethod configBM -->
  <testcase name="@AfterMethod configAM" time="-1.636380571385E9" classname="com.vtiger.generic.BaseClass">
    <skipped/>
  </testcase> <!-- @AfterMethod configAM -->
  <testcase name="@AfterClass congigAC" time="-1.636380571393E9" classname="com.vtiger.generic.BaseClass">
    <skipped/>
  </testcase> <!-- @AfterClass congigAC -->
  <testcase name="CreateConWithOrgname" time="0.0" classname="vtigerTestScriptByTestNgOrg.CreateConTest">
    <skipped/>
  </testcase> <!-- CreateConWithOrgname -->
  <testcase name="CreateContact" time="0.0" classname="vtigerTestScriptByTestNgOrg.CreateConTest">
    <skipped/>
  </testcase> <!-- CreateContact -->
</testsuite> <!-- Test_firefox -->
