<?xml version="1.0" encoding="UTF-8"?>
<!-- Generated by org.testng.reporters.JUnitXMLReporter -->
<testsuite hostname="mACCC-PC" ignored="0" name="Test_chrome" tests="2" failures="0" timestamp="2021-11-08T19:39:30 IST" time="13.037" errors="0">
  <testcase name="@BeforeClass configBC" time="12.657" classname="com.vtiger.generic.BaseClass">
    <failure type="java.lang.NullPointerException">
      <![CDATA[java.lang.NullPointerException
at com.vtiger.generic.BaseClass.configBC(BaseClass.java:33)
at java.util.ArrayList.forEach(ArrayList.java:1257)
at java.util.concurrent.FutureTask.run(FutureTask.java:266)
at java.util.concurrent.ThreadPoolExecutor.runWorker(ThreadPoolExecutor.java:1149)
at java.util.concurrent.ThreadPoolExecutor$Worker.run(ThreadPoolExecutor.java:624)
at java.lang.Thread.run(Thread.java:748)
... Removed 16 stack frames]]>
    </failure>
  </testcase> <!-- @BeforeClass configBC -->
  <testcase name="@BeforeMethod configBM" time="-1.636380570519E9" classname="com.vtiger.generic.BaseClass">
    <skipped/>
  </testcase> <!-- @BeforeMethod configBM -->
  <testcase name="@AfterMethod configAM" time="-1.636380570541E9" classname="com.vtiger.generic.BaseClass">
    <skipped/>
  </testcase> <!-- @AfterMethod configAM -->
  <testcase name="@BeforeMethod configBM" time="-1.636380570547E9" classname="com.vtiger.generic.BaseClass">
    <skipped/>
  </testcase> <!-- @BeforeMethod configBM -->
  <testcase name="@AfterMethod configAM" time="-1.636380570559E9" classname="com.vtiger.generic.BaseClass">
    <skipped/>
  </testcase> <!-- @AfterMethod configAM -->
  <testcase name="@AfterClass congigAC" time="-1.636380570565E9" classname="com.vtiger.generic.BaseClass">
    <skipped/>
  </testcase> <!-- @AfterClass congigAC -->
  <testcase name="CreateOrgWithIndAndTypeTest" time="0.0" classname="vtigerTestScriptByTestNgOrg.createOrgTest">
    <skipped/>
  </testcase> <!-- CreateOrgWithIndAndTypeTest -->
  <testcase name="CreateOrganisationTest" time="0.0" classname="vtigerTestScriptByTestNgOrg.createOrgTest">
    <skipped/>
  </testcase> <!-- CreateOrganisationTest -->
</testsuite> <!-- Test_chrome -->
