<?xml version="1.0" encoding="UTF-8"?>
<!-- Generated by org.testng.reporters.JUnitXMLReporter -->
<testsuite hostname="mACCC-PC" ignored="0" name="Test" tests="2" failures="0" timestamp="2021-11-08T16:05:39 IST" time="151.567" errors="0">
  <testcase name="CreateOrgWithIndAndTypeTest" time="38.079" classname="vtigerTestScriptByTestNgOrg.createOrgTest"/>
  <testcase name="CreateOrganisationTest" time="21.967" classname="vtigerTestScriptByTestNgOrg.createOrgTest"/>
</testsuite> <!-- Test -->
